app/build/outputs/logs/manifest-merger-debug-report.txt
-- Merging decision tree log ---
manifest
ADDED from src\main\AndroidManifest.xml:2:1-45:12
	package
		ADDED from src\main\AndroidManifest.xml:4:5-33
		INJECTED from src\main\AndroidManifest.xml
		INJECTED from src\main\AndroidManifest.xml
	android:versionName
		INJECTED from src\main\AndroidManifest.xml
		INJECTED from src\main\AndroidManifest.xml
	xmlns:tools
		ADDED from src\main\AndroidManifest.xml:3:5-51
	xmlns:android
		ADDED from src\main\AndroidManifest.xml:2:11-69
	android:versionCode
		INJECTED from src\main\AndroidManifest.xml
		INJECTED from src\main\AndroidManifest.xml
uses-sdk
ADDED from src\main\AndroidManifest.xml:6:5-9:59
MERGED from [com.android.support:multidex:1.0.1] AndroidManifest.xml:18:5-42
MERGED from [analyticssdk:analytics:unspecified:normalDebug] AndroidManifest.xml:7:5-9:41
MERGED from [com.google.android.gms:play-services-ads:10.2.0] AndroidManifest.xml:17:5-43
MERGED from [com.google.android.gms:play-services-ads-lite:10.2.0] AndroidManifest.xml:22:5-43
MERGED from [com.google.android.gms:play-services-clearcut:10.2.0] AndroidManifest.xml:17:5-43
MERGED from [com.google.android.gms:play-services-gass:10.2.0] AndroidManifest.xml:3:5-43
MERGED from [com.google.firebase:firebase-core:10.2.0] AndroidManifest.xml:4:5-43
MERGED from [com.google.firebase:firebase-analytics:10.2.0] AndroidManifest.xml:17:5-43
MERGED from [com.google.firebase:firebase-analytics-impl:10.2.0] AndroidManifest.xml:17:5-43
MERGED from [com.google.firebase:firebase-iid:10.2.0] AndroidManifest.xml:17:5-43
MERGED from [com.google.firebase:firebase-common:10.2.0] AndroidManifest.xml:3:5-43
MERGED from [com.google.android.gms:play-services-analytics:10.2.0] AndroidManifest.xml:17:5-43
MERGED from [com.google.android.gms:play-services-tagmanager-v4-impl:10.2.0] AndroidManifest.xml:17:5-43
MERGED from [com.google.android.gms:play-services-analytics-impl:10.2.0] AndroidManifest.xml:17:5-43
MERGED from [com.tencent.bugly:crashreport:2.6.0] AndroidManifest.xml:5:5-7:41
MERGED from [com.tencent.bugly:nativecrashreport:3.2.0] AndroidManifest.xml:5:5-7:41
MERGED from [com.appsflyer:af-android-sdk:4.7.1] AndroidManifest.xml:5:5-43
MERGED from [com.google.android.gms:play-services-iid:10.2.0] AndroidManifest.xml:17:5-43
MERGED from [com.google.android.gms:play-services-base:10.2.0] AndroidManifest.xml:17:5-43
MERGED from [com.google.android.gms:play-services-tasks:10.2.0] AndroidManifest.xml:3:5-43
MERGED from [com.google.android.gms:play-services-basement:10.2.0] AndroidManifest.xml:17:5-43
MERGED from [com.android.support:support-v4:24.0.0] AndroidManifest.xml:21:5-23:54
	tools:overrideLibrary
		ADDED from src\main\AndroidManifest.xml:9:9-56
	android:targetSdkVersion
		ADDED from src\main\AndroidManifest.xml:8:9-38
		INJECTED from src\main\AndroidManifest.xml
		INJECTED from src\main\AndroidManifest.xml
	android:minSdkVersion
		ADDED from src\main\AndroidManifest.xml:7:9-35
		INJECTED from src\main\AndroidManifest.xml
		INJECTED from src\main\AndroidManifest.xml
uses-permission#android.permission.WRITE_EXTERNAL_STORAGE
ADDED from src\main\AndroidManifest.xml:11:5-81
MERGED from [analyticssdk:analytics:unspecified:normalDebug] AndroidManifest.xml:17:5-81
	android:name
		ADDED from src\main\AndroidManifest.xml:11:22-78
uses-permission#android.permission.ACCESS_WIFI_STATE
ADDED from src\main\AndroidManifest.xml:12:5-76
MERGED from [analyticssdk:analytics:unspecified:normalDebug] AndroidManifest.xml:13:5-76
	android:name
		ADDED from src\main\AndroidManifest.xml:12:22-73
uses-permission#android.permission.ACCESS_NETWORK_STATE
ADDED from src\main\AndroidManifest.xml:13:5-79
MERGED from [analyticssdk:analytics:unspecified:normalDebug] AndroidManifest.xml:14:5-79
MERGED from [com.google.android.gms:play-services-ads-lite:10.2.0] AndroidManifest.xml:20:5-78
MERGED from [com.google.firebase:firebase-analytics:10.2.0] AndroidManifest.xml:21:5-78
MERGED from [com.google.firebase:firebase-analytics-impl:10.2.0] AndroidManifest.xml:21:5-78
MERGED from [com.google.firebase:firebase-iid:10.2.0] AndroidManifest.xml:19:5-78
MERGED from [com.google.android.gms:play-services-analytics:10.2.0] AndroidManifest.xml:21:5-78
MERGED from [com.google.android.gms:play-services-analytics-impl:10.2.0] AndroidManifest.xml:21:5-78
	android:name
		ADDED from src\main\AndroidManifest.xml:13:22-76
uses-permission#android.permission.INTERNET
ADDED from src\main\AndroidManifest.xml:14:5-67
MERGED from [analyticssdk:analytics:unspecified:normalDebug] AndroidManifest.xml:11:5-67
MERGED from [com.google.android.gms:play-services-ads-lite:10.2.0] AndroidManifest.xml:19:5-66
MERGED from [com.google.firebase:firebase-analytics:10.2.0] AndroidManifest.xml:20:5-66
MERGED from [com.google.firebase:firebase-analytics-impl:10.2.0] AndroidManifest.xml:20:5-66
MERGED from [com.google.firebase:firebase-iid:10.2.0] AndroidManifest.xml:20:5-66
MERGED from [com.google.android.gms:play-services-analytics:10.2.0] AndroidManifest.xml:20:5-66
MERGED from [com.google.android.gms:play-services-analytics-impl:10.2.0] AndroidManifest.xml:20:5-66
MERGED from [com.google.android.gms:play-services-iid:10.2.0] AndroidManifest.xml:21:5-66
	android:name
		ADDED from src\main\AndroidManifest.xml:14:22-64
uses-permission#android.permission.READ_EXTERNAL_STORAGE
ADDED from src\main\AndroidManifest.xml:15:5-80
MERGED from [analyticssdk:analytics:unspecified:normalDebug] AndroidManifest.xml:16:5-80
	android:name
		ADDED from src\main\AndroidManifest.xml:15:22-77
uses-permission#android.permission.READ_PHONE_STATE
ADDED from src\main\AndroidManifest.xml:16:5-75
MERGED from [analyticssdk:analytics:unspecified:normalDebug] AndroidManifest.xml:15:5-75
	android:name
		ADDED from src\main\AndroidManifest.xml:16:22-72
uses-permission#android.permission.WRITE_SETTINGS
ADDED from src\main\AndroidManifest.xml:17:5-73
MERGED from [analyticssdk:analytics:unspecified:normalDebug] AndroidManifest.xml:18:5-73
	android:name
		ADDED from src\main\AndroidManifest.xml:17:22-70
uses-permission#android.permission.KILL_BACKGROUND_PROCESSES
ADDED from src\main\AndroidManifest.xml:19:5-84
	android:name
		ADDED from src\main\AndroidManifest.xml:19:22-81
uses-permission#android.permission.ACCESS_COARSE_LOCATION
ADDED from src\main\AndroidManifest.xml:20:5-81
MERGED from [analyticssdk:analytics:unspecified:normalDebug] AndroidManifest.xml:12:5-81
	android:name
		ADDED from src\main\AndroidManifest.xml:20:22-78
uses-permission#android.permission.ACCESS_FINE_LOCATION
ADDED from src\main\AndroidManifest.xml:21:5-79
	android:name
		ADDED from src\main\AndroidManifest.xml:21:22-76
uses-permission#android.permission.PACKAGE_USAGE_STATS
ADDED from src\main\AndroidManifest.xml:25:5-78
MERGED from [analyticssdk:analytics:unspecified:normalDebug] AndroidManifest.xml:20:5-78
	android:name
		ADDED from src\main\AndroidManifest.xml:25:22-75
application
ADDED from src\main\AndroidManifest.xml:27:5-44:19
MERGED from [analyticssdk:analytics:unspecified:normalDebug] AndroidManifest.xml:22:5-75:19
MERGED from [com.google.android.gms:play-services-ads-lite:10.2.0] AndroidManifest.xml:23:5-27:19
MERGED from [com.google.android.gms:play-services-clearcut:10.2.0] AndroidManifest.xml:18:5-19
MERGED from [com.google.android.gms:play-services-gass:10.2.0] AndroidManifest.xml:4:5-19
MERGED from [com.google.firebase:firebase-core:10.2.0] AndroidManifest.xml:5:5-20
MERGED from [com.google.firebase:firebase-analytics:10.2.0] AndroidManifest.xml:24:5-33:19
MERGED from [com.google.firebase:firebase-analytics-impl:10.2.0] AndroidManifest.xml:24:5-28:19
MERGED from [com.google.firebase:firebase-iid:10.2.0] AndroidManifest.xml:28:5-50:19
MERGED from [com.google.firebase:firebase-common:10.2.0] AndroidManifest.xml:4:5-7:19
MERGED from [com.google.android.gms:play-services-analytics:10.2.0] AndroidManifest.xml:26:5-19
MERGED from [com.google.android.gms:play-services-tagmanager-v4-impl:10.2.0] AndroidManifest.xml:19:5-19
MERGED from [com.google.android.gms:play-services-analytics-impl:10.2.0] AndroidManifest.xml:26:5-19
MERGED from [com.appsflyer:af-android-sdk:4.7.1] AndroidManifest.xml:7:5-8:19
MERGED from [com.google.android.gms:play-services-iid:10.2.0] AndroidManifest.xml:23:5-19
MERGED from [com.google.android.gms:play-services-base:10.2.0] AndroidManifest.xml:18:5-20:19
MERGED from [com.google.android.gms:play-services-tasks:10.2.0] AndroidManifest.xml:4:5-19
MERGED from [com.google.android.gms:play-services-basement:10.2.0] AndroidManifest.xml:19:5-21:19
MERGED from [com.android.support:support-v4:24.0.0] AndroidManifest.xml:25:5-20
	android:label
		ADDED from src\main\AndroidManifest.xml:31:9-41
	android:supportsRtl
		ADDED from src\main\AndroidManifest.xml:32:9-35
	android:allowBackup
		ADDED from src\main\AndroidManifest.xml:29:9-35
	android:icon
		ADDED from src\main\AndroidManifest.xml:30:9-40
	android:name
		ADDED from src\main\AndroidManifest.xml:28:9-40
activity#com.demo.activity.MainActivity
ADDED from src\main\AndroidManifest.xml:33:9-42:20
	android:screenOrientation
		ADDED from src\main\AndroidManifest.xml:36:13-49
	android:launchMode
		ADDED from src\main\AndroidManifest.xml:35:13-44
	android:windowSoftInputMode
		ADDED from src\main\AndroidManifest.xml:37:13-56
	android:name
		ADDED from src\main\AndroidManifest.xml:34:13-58
intent-filter#android.intent.action.MAIN+android.intent.category.LAUNCHER
ADDED from src\main\AndroidManifest.xml:38:13-41:29
action#android.intent.action.MAIN
ADDED from src\main\AndroidManifest.xml:39:17-69
	android:name
		ADDED from src\main\AndroidManifest.xml:39:25-66
category#android.intent.category.LAUNCHER
ADDED from src\main\AndroidManifest.xml:40:17-77
	android:name
		ADDED from src\main\AndroidManifest.xml:40:27-74
uses-permission#android.permission.WAKE_LOCK
ADDED from [analyticssdk:analytics:unspecified:normalDebug] AndroidManifest.xml:19:5-68
MERGED from [com.google.firebase:firebase-analytics:10.2.0] AndroidManifest.xml:22:5-67
MERGED from [com.google.firebase:firebase-analytics-impl:10.2.0] AndroidManifest.xml:22:5-67
MERGED from [com.google.firebase:firebase-iid:10.2.0] AndroidManifest.xml:21:5-67
MERGED from [com.google.android.gms:play-services-analytics:10.2.0] AndroidManifest.xml:24:5-67
MERGED from [com.google.android.gms:play-services-analytics-impl:10.2.0] AndroidManifest.xml:24:5-67
	android:name
		ADDED from [analyticssdk:analytics:unspecified:normalDebug] AndroidManifest.xml:19:22-65
provider#com.tencent.mid.api.MidProvider
ADDED from [analyticssdk:analytics:unspecified:normalDebug] AndroidManifest.xml:23:9-26:39
	android:authorities
		ADDED from [analyticssdk:analytics:unspecified:normalDebug] AndroidManifest.xml:25:13-66
	android:exported
		ADDED from [analyticssdk:analytics:unspecified:normalDebug] AndroidManifest.xml:26:13-36
	android:name
		ADDED from [analyticssdk:analytics:unspecified:normalDebug] AndroidManifest.xml:24:13-59
receiver#com.appsflyer.MultipleInstallBroadcastReceiver
ADDED from [analyticssdk:analytics:unspecified:normalDebug] AndroidManifest.xml:28:9-34:20
	android:exported
		ADDED from [analyticssdk:analytics:unspecified:normalDebug] AndroidManifest.xml:30:13-36
	android:name
		ADDED from [analyticssdk:analytics:unspecified:normalDebug] AndroidManifest.xml:29:13-74
intent-filter#com.android.vending.INSTALL_REFERRER
ADDED from [analyticssdk:analytics:unspecified:normalDebug] AndroidManifest.xml:31:13-33:29
action#com.android.vending.INSTALL_REFERRER
ADDED from [analyticssdk:analytics:unspecified:normalDebug] AndroidManifest.xml:32:17-79
	android:name
		ADDED from [analyticssdk:analytics:unspecified:normalDebug] AndroidManifest.xml:32:25-76
receiver#com.solid.analytics.AnalyticsReceiver
ADDED from [analyticssdk:analytics:unspecified:normalDebug] AndroidManifest.xml:35:9-43:20
	android:exported
		ADDED from [analyticssdk:analytics:unspecified:normalDebug] AndroidManifest.xml:37:13-36
	android:name
		ADDED from [analyticssdk:analytics:unspecified:normalDebug] AndroidManifest.xml:36:13-65
intent-filter#android.intent.action.PACKAGE_ADDED+android.intent.action.PACKAGE_REPLACED+android.net.conn.CONNECTIVITY_CHANGE
ADDED from [analyticssdk:analytics:unspecified:normalDebug] AndroidManifest.xml:38:13-42:29
action#android.net.conn.CONNECTIVITY_CHANGE
ADDED from [analyticssdk:analytics:unspecified:normalDebug] AndroidManifest.xml:39:17-79
	android:name
		ADDED from [analyticssdk:analytics:unspecified:normalDebug] AndroidManifest.xml:39:25-76
action#android.intent.action.PACKAGE_REPLACED
ADDED from [analyticssdk:analytics:unspecified:normalDebug] AndroidManifest.xml:40:17-81
	android:name
		ADDED from [analyticssdk:analytics:unspecified:normalDebug] AndroidManifest.xml:40:25-78
action#android.intent.action.PACKAGE_ADDED
ADDED from [analyticssdk:analytics:unspecified:normalDebug] AndroidManifest.xml:41:17-78
	android:name
		ADDED from [analyticssdk:analytics:unspecified:normalDebug] AndroidManifest.xml:41:25-75
service#com.solid.analytics.AnalyticsService
ADDED from [analyticssdk:analytics:unspecified:normalDebug] AndroidManifest.xml:45:9-47:40
	android:exported
		ADDED from [analyticssdk:analytics:unspecified:normalDebug] AndroidManifest.xml:47:13-37
	android:name
		ADDED from [analyticssdk:analytics:unspecified:normalDebug] AndroidManifest.xml:46:13-64
receiver#com.google.android.gms.analytics.AnalyticsReceiver
ADDED from [analyticssdk:analytics:unspecified:normalDebug] AndroidManifest.xml:49:9-55:20
	android:enabled
		ADDED from [analyticssdk:analytics:unspecified:normalDebug] AndroidManifest.xml:51:13-35
	android:name
		ADDED from [analyticssdk:analytics:unspecified:normalDebug] AndroidManifest.xml:50:13-78
intent-filter#com.google.android.gms.analytics.ANALYTICS_DISPATCH
ADDED from [analyticssdk:analytics:unspecified:normalDebug] AndroidManifest.xml:52:13-54:29
action#com.google.android.gms.analytics.ANALYTICS_DISPATCH
ADDED from [analyticssdk:analytics:unspecified:normalDebug] AndroidManifest.xml:53:17-94
	android:name
		ADDED from [analyticssdk:analytics:unspecified:normalDebug] AndroidManifest.xml:53:25-91
service#com.google.android.gms.analytics.AnalyticsService
ADDED from [analyticssdk:analytics:unspecified:normalDebug] AndroidManifest.xml:57:9-60:40
	android:enabled
		ADDED from [analyticssdk:analytics:unspecified:normalDebug] AndroidManifest.xml:59:13-35
	android:exported
		ADDED from [analyticssdk:analytics:unspecified:normalDebug] AndroidManifest.xml:60:13-37
	android:name
		ADDED from [analyticssdk:analytics:unspecified:normalDebug] AndroidManifest.xml:58:13-77
receiver#com.google.android.gms.analytics.CampaignTrackingReceiver
ADDED from [analyticssdk:analytics:unspecified:normalDebug] AndroidManifest.xml:62:9-69:20
	android:enabled
		ADDED from [analyticssdk:analytics:unspecified:normalDebug] AndroidManifest.xml:64:13-35
	android:exported
		ADDED from [analyticssdk:analytics:unspecified:normalDebug] AndroidManifest.xml:65:13-36
	android:name
		ADDED from [analyticssdk:analytics:unspecified:normalDebug] AndroidManifest.xml:63:13-85
service#com.google.android.gms.analytics.CampaignTrackingService
ADDED from [analyticssdk:analytics:unspecified:normalDebug] AndroidManifest.xml:71:9-74:40
	android:enabled
		ADDED from [analyticssdk:analytics:unspecified:normalDebug] AndroidManifest.xml:73:13-35
	android:exported
		ADDED from [analyticssdk:analytics:unspecified:normalDebug] AndroidManifest.xml:74:13-37
	android:name
		ADDED from [analyticssdk:analytics:unspecified:normalDebug] AndroidManifest.xml:72:13-84
activity#com.google.android.gms.ads.AdActivity
ADDED from [com.google.android.gms:play-services-ads-lite:10.2.0] AndroidManifest.xml:25:9-232
	android:configChanges
		ADDED from [com.google.android.gms:play-services-ads-lite:10.2.0] AndroidManifest.xml:25:72-181
	android:theme
		ADDED from [com.google.android.gms:play-services-ads-lite:10.2.0] AndroidManifest.xml:25:182-230
	android:name
		ADDED from [com.google.android.gms:play-services-ads-lite:10.2.0] AndroidManifest.xml:25:19-71
activity#com.google.android.gms.ads.purchase.InAppPurchaseActivity
ADDED from [com.google.android.gms:play-services-ads-lite:10.2.0] AndroidManifest.xml:26:9-131
	android:theme
		ADDED from [com.google.android.gms:play-services-ads-lite:10.2.0] AndroidManifest.xml:26:92-129
	android:name
		ADDED from [com.google.android.gms:play-services-ads-lite:10.2.0] AndroidManifest.xml:26:19-91
receiver#com.google.android.gms.measurement.AppMeasurementReceiver
ADDED from [com.google.firebase:firebase-analytics:10.2.0] AndroidManifest.xml:25:7-26:18
MERGED from [com.google.firebase:firebase-analytics-impl:10.2.0] AndroidManifest.xml:25:7-26:18
	android:enabled
		ADDED from [com.google.firebase:firebase-analytics:10.2.0] AndroidManifest.xml:25:90-112
	android:exported
		ADDED from [com.google.firebase:firebase-analytics:10.2.0] AndroidManifest.xml:25:113-137
	android:name
		ADDED from [com.google.firebase:firebase-analytics:10.2.0] AndroidManifest.xml:25:17-89
receiver#com.google.android.gms.measurement.AppMeasurementInstallReferrerReceiver
ADDED from [com.google.firebase:firebase-analytics:10.2.0] AndroidManifest.xml:27:7-31:18
	android:enabled
		ADDED from [com.google.firebase:firebase-analytics:10.2.0] AndroidManifest.xml:27:162-184
	android:permission
		ADDED from [com.google.firebase:firebase-analytics:10.2.0] AndroidManifest.xml:27:105-161
	android:name
		ADDED from [com.google.firebase:firebase-analytics:10.2.0] AndroidManifest.xml:27:17-104
service#com.google.android.gms.measurement.AppMeasurementService
ADDED from [com.google.firebase:firebase-analytics:10.2.0] AndroidManifest.xml:32:7-137
MERGED from [com.google.firebase:firebase-analytics-impl:10.2.0] AndroidManifest.xml:27:7-137
	android:enabled
		ADDED from [com.google.firebase:firebase-analytics:10.2.0] AndroidManifest.xml:32:88-110
	android:exported
		ADDED from [com.google.firebase:firebase-analytics:10.2.0] AndroidManifest.xml:32:111-135
	android:name
		ADDED from [com.google.firebase:firebase-analytics:10.2.0] AndroidManifest.xml:32:16-87
uses-permission#com.google.android.c2dm.permission.RECEIVE
ADDED from [com.google.firebase:firebase-iid:10.2.0] AndroidManifest.xml:22:5-81
MERGED from [com.google.android.gms:play-services-iid:10.2.0] AndroidManifest.xml:20:5-81
	android:name
		ADDED from [com.google.firebase:firebase-iid:10.2.0] AndroidManifest.xml:22:22-79
permission#${applicationId}.permission.C2D_MESSAGE
ADDED from [com.google.firebase:firebase-iid:10.2.0] AndroidManifest.xml:24:5-109
	android:protectionLevel
		ADDED from [com.google.firebase:firebase-iid:10.2.0] AndroidManifest.xml:24:72-107
	android:name
		ADDED from [com.google.firebase:firebase-iid:10.2.0] AndroidManifest.xml:24:17-71
uses-permission#${applicationId}.permission.C2D_MESSAGE
ADDED from [com.google.firebase:firebase-iid:10.2.0] AndroidManifest.xml:26:5-78
	android:name
		ADDED from [com.google.firebase:firebase-iid:10.2.0] AndroidManifest.xml:26:22-76
receiver#com.google.firebase.iid.FirebaseInstanceIdReceiver
ADDED from [com.google.firebase:firebase-iid:10.2.0] AndroidManifest.xml:30:9-36:20
	android:exported
		ADDED from [com.google.firebase:firebase-iid:10.2.0] AndroidManifest.xml:30:85-108
	android:permission
		ADDED from [com.google.firebase:firebase-iid:10.2.0] AndroidManifest.xml:30:109-169
	android:name
		ADDED from [com.google.firebase:firebase-iid:10.2.0] AndroidManifest.xml:30:19-84
intent-filter#${applicationId}+com.google.android.c2dm.intent.RECEIVE+com.google.android.c2dm.intent.REGISTRATION
ADDED from [com.google.firebase:firebase-iid:10.2.0] AndroidManifest.xml:31:13-35:29
action#com.google.android.c2dm.intent.RECEIVE
ADDED from [com.google.firebase:firebase-iid:10.2.0] AndroidManifest.xml:32:17-80
	android:name
		ADDED from [com.google.firebase:firebase-iid:10.2.0] AndroidManifest.xml:32:25-78
action#com.google.android.c2dm.intent.REGISTRATION
ADDED from [com.google.firebase:firebase-iid:10.2.0] AndroidManifest.xml:33:17-85
	android:name
		ADDED from [com.google.firebase:firebase-iid:10.2.0] AndroidManifest.xml:33:25-83
category#${applicationId}
ADDED from [com.google.firebase:firebase-iid:10.2.0] AndroidManifest.xml:34:17-60
	android:name
		ADDED from [com.google.firebase:firebase-iid:10.2.0] AndroidManifest.xml:34:27-58
receiver#com.google.firebase.iid.FirebaseInstanceIdInternalReceiver
ADDED from [com.google.firebase:firebase-iid:10.2.0] AndroidManifest.xml:40:9-119
	android:exported
		ADDED from [com.google.firebase:firebase-iid:10.2.0] AndroidManifest.xml:40:93-117
	android:name
		ADDED from [com.google.firebase:firebase-iid:10.2.0] AndroidManifest.xml:40:19-92
service#com.google.firebase.iid.FirebaseInstanceIdService
ADDED from [com.google.firebase:firebase-iid:10.2.0] AndroidManifest.xml:44:9-48:19
	android:exported
		ADDED from [com.google.firebase:firebase-iid:10.2.0] AndroidManifest.xml:44:83-106
	android:name
		ADDED from [com.google.firebase:firebase-iid:10.2.0] AndroidManifest.xml:44:18-82
intent-filter#com.google.firebase.INSTANCE_ID_EVENT
ADDED from [com.google.firebase:firebase-iid:10.2.0] AndroidManifest.xml:45:13-47:29
	android:priority
		ADDED from [com.google.firebase:firebase-iid:10.2.0] AndroidManifest.xml:45:28-51
action#com.google.firebase.INSTANCE_ID_EVENT
ADDED from [com.google.firebase:firebase-iid:10.2.0] AndroidManifest.xml:46:17-79
	android:name
		ADDED from [com.google.firebase:firebase-iid:10.2.0] AndroidManifest.xml:46:25-77
provider#com.google.firebase.provider.FirebaseInitProvider
ADDED from [com.google.firebase:firebase-common:10.2.0] AndroidManifest.xml:6:9-194
	android:authorities
		ADDED from [com.google.firebase:firebase-common:10.2.0] AndroidManifest.xml:6:19-78
	android:exported
		ADDED from [com.google.firebase:firebase-common:10.2.0] AndroidManifest.xml:6:144-168
	android:initOrder
		ADDED from [com.google.firebase:firebase-common:10.2.0] AndroidManifest.xml:6:169-192
	android:name
		ADDED from [com.google.firebase:firebase-common:10.2.0] AndroidManifest.xml:6:79-143
activity#com.google.android.gms.common.api.GoogleApiActivity
ADDED from [com.google.android.gms:play-services-base:10.2.0] AndroidManifest.xml:19:9-172
	android:exported
		ADDED from [com.google.android.gms:play-services-base:10.2.0] AndroidManifest.xml:19:146-170
	android:theme
		ADDED from [com.google.android.gms:play-services-base:10.2.0] AndroidManifest.xml:19:86-145
	android:name
		ADDED from [com.google.android.gms:play-services-base:10.2.0] AndroidManifest.xml:19:19-85
meta-data#com.google.android.gms.version
ADDED from [com.google.android.gms:play-services-basement:10.2.0] AndroidManifest.xml:20:9-121
	android:value
		ADDED from [com.google.android.gms:play-services-basement:10.2.0] AndroidManifest.xml:20:66-119
	android:name
		ADDED from [com.google.android.gms:play-services-basement:10.2.0] AndroidManifest.xml:20:20-65